# JRE version: OpenJDK Runtime Environment (8.0_181-b13) (build 1.8.0_181-8u181-b13-0ubuntu0.16.04.1-b13)
# Java VM: OpenJDK 64-Bit Server VM (25.181-b13 mixed mode linux-amd64 compressed oops)
Heap:
 PSYoungGen      total 670720K, used 335360K [0x0000000782980000, 0x00000007c0000000, 0x00000007c0000000)
  eden space 335360K, 100% used [0x0000000782980000,0x0000000797100000,0x0000000797100000)
  from space 335360K, 0% used [0x0000000797100000,0x0000000797100000,0x00000007ab880000)
  to   space 335360K, 0% used [0x00000007ab880000,0x00000007ab880000,0x00000007c0000000)
 ParOldGen       total 2012672K, used 2012623K [0x0000000707c00000, 0x0000000782980000, 0x0000000782980000)
  object space 2012672K, 99% used [0x0000000707c00000,0x0000000782973d00,0x0000000782980000)
 Metaspace       used 10358K, capacity 10508K, committed 10752K, reserved 1058816K
  class space    used 952K, capacity 986K, committed 1024K, reserved 1048576K
GC Heap History (10 events):
Event: 253,366 GC heap after
Heap after GC invocations=65 (full 20):
 PSYoungGen      total 670720K, used 213473K [0x0000000782980000, 0x00000007c0000000, 0x00000007c0000000)
  eden space 335360K, 63% used [0x0000000782980000,0x000000078f9f8558,0x0000000797100000)
  from space 335360K, 0% used [0x0000000797100000,0x0000000797100000,0x00000007ab880000)
  to   space 335360K, 0% used [0x00000007ab880000,0x00000007ab880000,0x00000007c0000000)
 ParOldGen       total 2012672K, used 2012623K [0x0000000707c00000, 0x0000000782980000, 0x0000000782980000)
  object space 2012672K, 99% used [0x0000000707c00000,0x0000000782973d00,0x0000000782980000)
 Metaspace       used 10358K, capacity 10508K, committed 10752K, reserved 1058816K
  class space    used 952K, capacity 986K, committed 1024K, reserved 1048576K
}
Event: 253,736 GC heap before
{Heap before GC invocations=66 (full 21):
 PSYoungGen      total 670720K, used 335360K [0x0000000782980000, 0x00000007c0000000, 0x00000007c0000000)
  eden space 335360K, 100% used [0x0000000782980000,0x0000000797100000,0x0000000797100000)
  from space 335360K, 0% used [0x0000000797100000,0x0000000797100000,0x00000007ab880000)
  to   space 335360K, 0% used [0x00000007ab880000,0x00000007ab880000,0x00000007c0000000)
 ParOldGen       total 2012672K, used 2012623K [0x0000000707c00000, 0x0000000782980000, 0x0000000782980000)
  object space 2012672K, 99% used [0x0000000707c00000,0x0000000782973d00,0x0000000782980000)
 Metaspace       used 10358K, capacity 10508K, committed 10752K, reserved 1058816K
  class space    used 952K, capacity 986K, committed 1024K, reserved 1048576K
Event: 254,237 GC heap after
Heap after GC invocations=66 (full 21):
 PSYoungGen      total 670720K, used 223106K [0x0000000782980000, 0x00000007c0000000, 0x00000007c0000000)
  eden space 335360K, 66% used [0x0000000782980000,0x0000000790360b70,0x0000000797100000)
  from space 335360K, 0% used [0x0000000797100000,0x0000000797100000,0x00000007ab880000)
  to   space 335360K, 0% used [0x00000007ab880000,0x00000007ab880000,0x00000007c0000000)
 ParOldGen       total 2012672K, used 2012623K [0x0000000707c00000, 0x0000000782980000, 0x0000000782980000)
  object space 2012672K, 99% used [0x0000000707c00000,0x0000000782973d00,0x0000000782980000)
 Metaspace       used 10358K, capacity 10508K, committed 10752K, reserved 1058816K
  class space    used 952K, capacity 986K, committed 1024K, reserved 1048576K
}
Event: 255,762 GC heap before
{Heap before GC invocations=67 (full 22):
 PSYoungGen      total 670720K, used 335360K [0x0000000782980000, 0x00000007c0000000, 0x00000007c0000000)
  eden space 335360K, 100% used [0x0000000782980000,0x0000000797100000,0x0000000797100000)
  from space 335360K, 0% used [0x0000000797100000,0x0000000797100000,0x00000007ab880000)
  to   space 335360K, 0% used [0x00000007ab880000,0x00000007ab880000,0x00000007c0000000)
 ParOldGen       total 2012672K, used 2012623K [0x0000000707c00000, 0x0000000782980000, 0x0000000782980000)
  object space 2012672K, 99% used [0x0000000707c00000,0x0000000782973d00,0x0000000782980000)
 Metaspace       used 10358K, capacity 10508K, committed 10752K, reserved 1058816K
  class space    used 952K, capacity 986K, committed 1024K, reserved 1048576K
Event: 256,275 GC heap after
Heap after GC invocations=67 (full 22):
 PSYoungGen      total 670720K, used 231974K [0x0000000782980000, 0x00000007c0000000, 0x00000007c0000000)
  eden space 335360K, 69% used [0x0000000782980000,0x0000000790c09b08,0x0000000797100000)
  from space 335360K, 0% used [0x0000000797100000,0x0000000797100000,0x00000007ab880000)
  to   space 335360K, 0% used [0x00000007ab880000,0x00000007ab880000,0x00000007c0000000)
 ParOldGen       total 2012672K, used 2012623K [0x0000000707c00000, 0x0000000782980000, 0x0000000782980000)
  object space 2012672K, 99% used [0x0000000707c00000,0x0000000782973d00,0x0000000782980000)
 Metaspace       used 10358K, capacity 10508K, committed 10752K, reserved 1058816K
  class space    used 952K, capacity 986K, committed 1024K, reserved 1048576K
}
Event: 257,740 GC heap before
{Heap before GC invocations=68 (full 23):
 PSYoungGen      total 670720K, used 335360K [0x0000000782980000, 0x00000007c0000000, 0x00000007c0000000)
  eden space 335360K, 100% used [0x0000000782980000,0x0000000797100000,0x0000000797100000)
  from space 335360K, 0% used [0x0000000797100000,0x0000000797100000,0x00000007ab880000)
  to   space 335360K, 0% used [0x00000007ab880000,0x00000007ab880000,0x00000007c0000000)
 ParOldGen       total 2012672K, used 2012623K [0x0000000707c00000, 0x0000000782980000, 0x0000000782980000)
  object space 2012672K, 99% used [0x0000000707c00000,0x0000000782973d00,0x0000000782980000)
 Metaspace       used 10358K, capacity 10508K, committed 10752K, reserved 1058816K
  class space    used 952K, capacity 986K, committed 1024K, reserved 1048576K
Event: 258,284 GC heap after
Heap after GC invocations=68 (full 23):
 PSYoungGen      total 670720K, used 240138K [0x0000000782980000, 0x00000007c0000000, 0x00000007c0000000)
  eden space 335360K, 71% used [0x0000000782980000,0x0000000791402810,0x0000000797100000)
  from space 335360K, 0% used [0x0000000797100000,0x0000000797100000,0x00000007ab880000)
  to   space 335360K, 0% used [0x00000007ab880000,0x00000007ab880000,0x00000007c0000000)
 ParOldGen       total 2012672K, used 2012623K [0x0000000707c00000, 0x0000000782980000, 0x0000000782980000)
  object space 2012672K, 99% used [0x0000000707c00000,0x0000000782973d00,0x0000000782980000)
 Metaspace       used 10358K, capacity 10508K, committed 10752K, reserved 1058816K
  class space    used 952K, capacity 986K, committed 1024K, reserved 1048576K
}
Event: 259,256 GC heap before
{Heap before GC invocations=69 (full 24):
 PSYoungGen      total 670720K, used 335360K [0x0000000782980000, 0x00000007c0000000, 0x00000007c0000000)
  eden space 335360K, 100% used [0x0000000782980000,0x0000000797100000,0x0000000797100000)
  from space 335360K, 0% used [0x0000000797100000,0x0000000797100000,0x00000007ab880000)
  to   space 335360K, 0% used [0x00000007ab880000,0x00000007ab880000,0x00000007c0000000)
 ParOldGen       total 2012672K, used 2012623K [0x0000000707c00000, 0x0000000782980000, 0x0000000782980000)
  object space 2012672K, 99% used [0x0000000707c00000,0x0000000782973d00,0x0000000782980000)
 Metaspace       used 10358K, capacity 10508K, committed 10752K, reserved 1058816K
  class space    used 952K, capacity 986K, committed 1024K, reserved 1048576K
Event: 259,789 GC heap after
Heap after GC invocations=69 (full 24):
 PSYoungGen      total 670720K, used 247667K [0x0000000782980000, 0x00000007c0000000, 0x00000007c0000000)
  eden space 335360K, 73% used [0x0000000782980000,0x0000000791b5cf40,0x0000000797100000)
  from space 335360K, 0% used [0x0000000797100000,0x0000000797100000,0x00000007ab880000)
  to   space 335360K, 0% used [0x00000007ab880000,0x00000007ab880000,0x00000007c0000000)
 ParOldGen       total 2012672K, used 2012623K [0x0000000707c00000, 0x0000000782980000, 0x0000000782980000)
  object space 2012672K, 99% used [0x0000000707c00000,0x0000000782973d00,0x0000000782980000)
 Metaspace       used 10358K, capacity 10508K, committed 10752K, reserved 1058816K
  class space    used 952K, capacity 986K, committed 1024K, reserved 1048576K
}
Event: 260,086 GC heap before
{Heap before GC invocations=70 (full 25):
 PSYoungGen      total 670720K, used 335360K [0x0000000782980000, 0x00000007c0000000, 0x00000007c0000000)
  eden space 335360K, 100% used [0x0000000782980000,0x0000000797100000,0x0000000797100000)
  from space 335360K, 0% used [0x0000000797100000,0x0000000797100000,0x00000007ab880000)
  to   space 335360K, 0% used [0x00000007ab880000,0x00000007ab880000,0x00000007c0000000)
 ParOldGen       total 2012672K, used 2012623K [0x0000000707c00000, 0x0000000782980000, 0x0000000782980000)
  object space 2012672K, 99% used [0x0000000707c00000,0x0000000782973d00,0x0000000782980000)
 Metaspace       used 10358K, capacity 10508K, committed 10752K, reserved 1058816K
  class space    used 952K, capacity 986K, committed 1024K, reserved 1048576K

